<?xml version="1.0" encoding="UTF-8"?>
<!-- Generated by org.testng.reporters.JUnitReportReporter -->
<testsuite hostname="EXPLTDC1PBT8H4W" name="orders.CsrOrder" tests="1" failures="0" timestamp="1 Aug 2017 21:24:47 GMT" time="28.649" errors="0">
  <testcase name="CSR_Order" time="28.649" classname="orders.CsrOrder"/>
</testsuite> <!-- orders.CsrOrder -->
