<?xml version="1.0" encoding="UTF-8"?>
<!-- Generated by org.testng.reporters.JUnitReportReporter -->
<testsuite hostname="EXPLTDC1PBT8H4W" name="orders.WebOrder" tests="1" failures="0" timestamp="27 Oct 2017 19:02:54 GMT" time="61.652" errors="0">
  <testcase name="Add_items_and_Checkout" time="61.652" classname="orders.WebOrder"/>
</testsuite> <!-- orders.WebOrder -->
